Created server
Created server
Created server
Created server
Created server
Created server
Created server
Created server
Created server
Created server
Created server
Created server
Created server
Created server
Created server
Created server
Created server
Created server
Created server
Created server
Created server
Created server
Created server
Created server
Created server
Created server
Created server
Created server
Created server
Created server
Created server
Created server
Created server
Created server
Created server
Created server
Created server
Created server
Created server
Created server
Created server
Created server
Created server
Created server
Created server
Created server
Created server
Created server
Created server
Created server
Created server
Created server
Created server
Created server
Created server
Created server
Created server
Created server
Created server
Created server
Created server
Created server
Created server
Created server
Created server
Created server
Created server
Created server
Created server
Created server
Created server
Severe error in SyncTxnProcessor.
java.lang.NullPointerException
	at mw.zookeeper.MWZooKeeperServer.deliverTxn(MWZooKeeperServer.java:74)
	at org.apache.zookeeper.zab.SingleZab.deliver(SingleZab.java:114)
	at org.apache.zookeeper.zab.FinalTxnProcessor.processRequest(FinalTxnProcessor.java:50)
	at org.apache.zookeeper.zab.SyncTxnProcessor.flush(SyncTxnProcessor.java:124)
	at org.apache.zookeeper.zab.SyncTxnProcessor.run(SyncTxnProcessor.java:84)
Created server
Severe error in SyncTxnProcessor.
java.lang.NullPointerException
	at mw.zookeeper.MWZooKeeperServer.deliverTxn(MWZooKeeperServer.java:74)
	at org.apache.zookeeper.zab.SingleZab.deliver(SingleZab.java:114)
	at org.apache.zookeeper.zab.FinalTxnProcessor.processRequest(FinalTxnProcessor.java:50)
	at org.apache.zookeeper.zab.SyncTxnProcessor.flush(SyncTxnProcessor.java:124)
	at org.apache.zookeeper.zab.SyncTxnProcessor.run(SyncTxnProcessor.java:84)
Created server
Created server
Created server
Created server
Created server
Created server
Created server
Created server
Created server
Created server
Created server
Severe error in SyncTxnProcessor.
java.lang.NullPointerException
	at mw.zookeeper.MWZooKeeperImpl.applyTxn(MWZooKeeperImpl.java:143)
	at mw.zookeeper.MWZooKeeperServer.deliverTxn(MWZooKeeperServer.java:69)
	at org.apache.zookeeper.zab.SingleZab.deliver(SingleZab.java:114)
	at org.apache.zookeeper.zab.FinalTxnProcessor.processRequest(FinalTxnProcessor.java:50)
	at org.apache.zookeeper.zab.SyncTxnProcessor.flush(SyncTxnProcessor.java:124)
	at org.apache.zookeeper.zab.SyncTxnProcessor.run(SyncTxnProcessor.java:84)
Created server
Severe error in SyncTxnProcessor.
java.lang.NullPointerException
	at mw.zookeeper.MWZooKeeperImpl.applyTxn(MWZooKeeperImpl.java:143)
	at mw.zookeeper.MWZooKeeperServer.deliverTxn(MWZooKeeperServer.java:69)
	at org.apache.zookeeper.zab.SingleZab.deliver(SingleZab.java:114)
	at org.apache.zookeeper.zab.FinalTxnProcessor.processRequest(FinalTxnProcessor.java:50)
	at org.apache.zookeeper.zab.SyncTxnProcessor.flush(SyncTxnProcessor.java:124)
	at org.apache.zookeeper.zab.SyncTxnProcessor.run(SyncTxnProcessor.java:84)
Created server
Severe error in SyncTxnProcessor.
java.lang.NullPointerException
	at mw.zookeeper.MWZooKeeperImpl.applyTxn(MWZooKeeperImpl.java:143)
	at mw.zookeeper.MWZooKeeperServer.deliverTxn(MWZooKeeperServer.java:69)
	at org.apache.zookeeper.zab.SingleZab.deliver(SingleZab.java:114)
	at org.apache.zookeeper.zab.FinalTxnProcessor.processRequest(FinalTxnProcessor.java:50)
	at org.apache.zookeeper.zab.SyncTxnProcessor.flush(SyncTxnProcessor.java:124)
	at org.apache.zookeeper.zab.SyncTxnProcessor.run(SyncTxnProcessor.java:84)
Created server
Severe error in SyncTxnProcessor.
java.lang.NullPointerException
	at mw.zookeeper.MWZooKeeperImpl.applyTxn(MWZooKeeperImpl.java:143)
	at mw.zookeeper.MWZooKeeperServer.deliverTxn(MWZooKeeperServer.java:69)
	at org.apache.zookeeper.zab.SingleZab.deliver(SingleZab.java:114)
	at org.apache.zookeeper.zab.FinalTxnProcessor.processRequest(FinalTxnProcessor.java:50)
	at org.apache.zookeeper.zab.SyncTxnProcessor.flush(SyncTxnProcessor.java:124)
	at org.apache.zookeeper.zab.SyncTxnProcessor.run(SyncTxnProcessor.java:84)
Created server
Severe error in SyncTxnProcessor.
java.lang.NullPointerException
	at mw.zookeeper.MWZooKeeperImpl.applyTxn(MWZooKeeperImpl.java:143)
	at mw.zookeeper.MWZooKeeperServer.deliverTxn(MWZooKeeperServer.java:69)
	at org.apache.zookeeper.zab.SingleZab.deliver(SingleZab.java:114)
	at org.apache.zookeeper.zab.FinalTxnProcessor.processRequest(FinalTxnProcessor.java:50)
	at org.apache.zookeeper.zab.SyncTxnProcessor.flush(SyncTxnProcessor.java:124)
	at org.apache.zookeeper.zab.SyncTxnProcessor.run(SyncTxnProcessor.java:84)
Created server
Severe error in SyncTxnProcessor.
java.lang.NullPointerException
	at mw.zookeeper.MWZooKeeperServer.deliverTxn(MWZooKeeperServer.java:67)
	at org.apache.zookeeper.zab.SingleZab.deliver(SingleZab.java:114)
	at org.apache.zookeeper.zab.FinalTxnProcessor.processRequest(FinalTxnProcessor.java:50)
	at org.apache.zookeeper.zab.SyncTxnProcessor.flush(SyncTxnProcessor.java:124)
	at org.apache.zookeeper.zab.SyncTxnProcessor.run(SyncTxnProcessor.java:84)
Created server
Severe error in SyncTxnProcessor.
java.lang.NullPointerException
	at mw.zookeeper.MWZooKeeperServer.deliverTxn(MWZooKeeperServer.java:69)
	at org.apache.zookeeper.zab.SingleZab.deliver(SingleZab.java:114)
	at org.apache.zookeeper.zab.FinalTxnProcessor.processRequest(FinalTxnProcessor.java:50)
	at org.apache.zookeeper.zab.SyncTxnProcessor.flush(SyncTxnProcessor.java:124)
	at org.apache.zookeeper.zab.SyncTxnProcessor.run(SyncTxnProcessor.java:84)
Created server
Severe error in SyncTxnProcessor.
java.lang.NullPointerException
	at mw.zookeeper.MWZooKeeperServer.deliverTxn(MWZooKeeperServer.java:69)
	at org.apache.zookeeper.zab.SingleZab.deliver(SingleZab.java:114)
	at org.apache.zookeeper.zab.FinalTxnProcessor.processRequest(FinalTxnProcessor.java:50)
	at org.apache.zookeeper.zab.SyncTxnProcessor.flush(SyncTxnProcessor.java:124)
	at org.apache.zookeeper.zab.SyncTxnProcessor.run(SyncTxnProcessor.java:84)
Created server
Created server
Created server
Created server
Created server
Created server
Created server
Created server
Created server
Created server
Created server
Created server
Created server
Created server
Created server
Created server
Created server
Created server
Created server
Created server
Created server
Created server
Severe error in SyncTxnProcessor.
java.lang.NullPointerException
	at mw.zookeeper.MWZooKeeperNode.toString(MWZooKeeperNode.java:34)
	at mw.zookeeper.MWZooKeeperTxn.toString(MWZooKeeperTxn.java:31)
	at mw.zookeeper.MWZooKeeperServer.deliverTxn(MWZooKeeperServer.java:69)
	at org.apache.zookeeper.zab.SingleZab.deliver(SingleZab.java:114)
	at org.apache.zookeeper.zab.FinalTxnProcessor.processRequest(FinalTxnProcessor.java:50)
	at org.apache.zookeeper.zab.SyncTxnProcessor.flush(SyncTxnProcessor.java:124)
	at org.apache.zookeeper.zab.SyncTxnProcessor.run(SyncTxnProcessor.java:84)
Created server
Created server
Created server
Created server
Created server
Created server
Created server
Created server
Created server
Created server
Created server
Created server
Created server
Created server
Created server
Created server
Created server
Created server
Created server
Created server
Created server
Created server
Created server
Severe error in SyncTxnProcessor.
java.lang.NullPointerException
	at mw.zookeeper.MWZooKeeperImpl.applyTxn(MWZooKeeperImpl.java:147)
	at mw.zookeeper.MWZooKeeperServer.deliverTxn(MWZooKeeperServer.java:69)
	at org.apache.zookeeper.zab.SingleZab.deliver(SingleZab.java:114)
	at org.apache.zookeeper.zab.FinalTxnProcessor.processRequest(FinalTxnProcessor.java:50)
	at org.apache.zookeeper.zab.SyncTxnProcessor.flush(SyncTxnProcessor.java:124)
	at org.apache.zookeeper.zab.SyncTxnProcessor.run(SyncTxnProcessor.java:84)
Created server
Severe error in SyncTxnProcessor.
java.lang.NullPointerException
	at mw.zookeeper.MWZooKeeperImpl.applyTxn(MWZooKeeperImpl.java:147)
	at mw.zookeeper.MWZooKeeperServer.deliverTxn(MWZooKeeperServer.java:69)
	at org.apache.zookeeper.zab.SingleZab.deliver(SingleZab.java:114)
	at org.apache.zookeeper.zab.FinalTxnProcessor.processRequest(FinalTxnProcessor.java:50)
	at org.apache.zookeeper.zab.SyncTxnProcessor.flush(SyncTxnProcessor.java:124)
	at org.apache.zookeeper.zab.SyncTxnProcessor.run(SyncTxnProcessor.java:84)
Created server
Severe error in SyncTxnProcessor.
java.lang.NullPointerException
	at mw.zookeeper.MWZooKeeperImpl.applyTxn(MWZooKeeperImpl.java:147)
	at mw.zookeeper.MWZooKeeperServer.deliverTxn(MWZooKeeperServer.java:69)
	at org.apache.zookeeper.zab.SingleZab.deliver(SingleZab.java:114)
	at org.apache.zookeeper.zab.FinalTxnProcessor.processRequest(FinalTxnProcessor.java:50)
	at org.apache.zookeeper.zab.SyncTxnProcessor.flush(SyncTxnProcessor.java:124)
	at org.apache.zookeeper.zab.SyncTxnProcessor.run(SyncTxnProcessor.java:84)
Created server
Created server
Created server
Created server
Created server
Created server
Created server
Created server
Created server
Created server
Created server
Severe error in SyncTxnProcessor.
java.lang.NullPointerException
	at mw.zookeeper.MWZooKeeperImpl.applyTxn(MWZooKeeperImpl.java:149)
	at mw.zookeeper.MWZooKeeperServer.deliverTxn(MWZooKeeperServer.java:69)
	at org.apache.zookeeper.zab.SingleZab.deliver(SingleZab.java:114)
	at org.apache.zookeeper.zab.FinalTxnProcessor.processRequest(FinalTxnProcessor.java:50)
	at org.apache.zookeeper.zab.SyncTxnProcessor.flush(SyncTxnProcessor.java:124)
	at org.apache.zookeeper.zab.SyncTxnProcessor.run(SyncTxnProcessor.java:84)
Created server
Created server
Created server
Created server
Created server
Created server
Created server
Created server
Created server
Created server
Created server
Created server
Created server
Created server
Created server
Created server
Created server
Created server
Created server
Created server
Created server
Severe error in SyncTxnProcessor.
java.lang.NullPointerException
	at mw.zookeeper.MWZooKeeperImpl.lambda$applyTxn$1(MWZooKeeperImpl.java:179)
	at java.base/java.util.Collection.removeIf(Collection.java:544)
	at mw.zookeeper.MWZooKeeperImpl.applyTxn(MWZooKeeperImpl.java:179)
	at mw.zookeeper.MWZooKeeperServer.deliverTxn(MWZooKeeperServer.java:68)
	at org.apache.zookeeper.zab.SingleZab.deliver(SingleZab.java:114)
	at org.apache.zookeeper.zab.FinalTxnProcessor.processRequest(FinalTxnProcessor.java:50)
	at org.apache.zookeeper.zab.SyncTxnProcessor.flush(SyncTxnProcessor.java:124)
	at org.apache.zookeeper.zab.SyncTxnProcessor.run(SyncTxnProcessor.java:84)
Created server
Severe error in SyncTxnProcessor.
java.lang.NullPointerException
	at mw.zookeeper.MWZooKeeperImpl.lambda$applyTxn$1(MWZooKeeperImpl.java:180)
	at java.base/java.util.Collection.removeIf(Collection.java:544)
	at mw.zookeeper.MWZooKeeperImpl.applyTxn(MWZooKeeperImpl.java:180)
	at mw.zookeeper.MWZooKeeperServer.deliverTxn(MWZooKeeperServer.java:68)
	at org.apache.zookeeper.zab.SingleZab.deliver(SingleZab.java:114)
	at org.apache.zookeeper.zab.FinalTxnProcessor.processRequest(FinalTxnProcessor.java:50)
	at org.apache.zookeeper.zab.SyncTxnProcessor.flush(SyncTxnProcessor.java:124)
	at org.apache.zookeeper.zab.SyncTxnProcessor.run(SyncTxnProcessor.java:84)
Created server
Severe error in SyncTxnProcessor.
java.lang.NullPointerException
	at mw.zookeeper.MWZooKeeperImpl.lambda$applyTxn$1(MWZooKeeperImpl.java:180)
	at java.base/java.util.Collection.removeIf(Collection.java:544)
	at mw.zookeeper.MWZooKeeperImpl.applyTxn(MWZooKeeperImpl.java:180)
	at mw.zookeeper.MWZooKeeperServer.deliverTxn(MWZooKeeperServer.java:68)
	at org.apache.zookeeper.zab.SingleZab.deliver(SingleZab.java:114)
	at org.apache.zookeeper.zab.FinalTxnProcessor.processRequest(FinalTxnProcessor.java:50)
	at org.apache.zookeeper.zab.SyncTxnProcessor.flush(SyncTxnProcessor.java:124)
	at org.apache.zookeeper.zab.SyncTxnProcessor.run(SyncTxnProcessor.java:84)
Created server
Severe error in SyncTxnProcessor.
java.lang.NullPointerException
	at mw.zookeeper.MWZooKeeperImpl.lambda$applyTxn$1(MWZooKeeperImpl.java:183)
	at java.base/java.util.Collection.removeIf(Collection.java:544)
	at mw.zookeeper.MWZooKeeperImpl.applyTxn(MWZooKeeperImpl.java:183)
	at mw.zookeeper.MWZooKeeperServer.deliverTxn(MWZooKeeperServer.java:68)
	at org.apache.zookeeper.zab.SingleZab.deliver(SingleZab.java:114)
	at org.apache.zookeeper.zab.FinalTxnProcessor.processRequest(FinalTxnProcessor.java:50)
	at org.apache.zookeeper.zab.SyncTxnProcessor.flush(SyncTxnProcessor.java:124)
	at org.apache.zookeeper.zab.SyncTxnProcessor.run(SyncTxnProcessor.java:84)
Created server
Severe error in SyncTxnProcessor.
java.lang.NullPointerException
	at mw.zookeeper.MWZooKeeperImpl.lambda$applyTxn$1(MWZooKeeperImpl.java:183)
	at java.base/java.util.Collection.removeIf(Collection.java:544)
	at mw.zookeeper.MWZooKeeperImpl.applyTxn(MWZooKeeperImpl.java:183)
	at mw.zookeeper.MWZooKeeperServer.deliverTxn(MWZooKeeperServer.java:68)
	at org.apache.zookeeper.zab.SingleZab.deliver(SingleZab.java:114)
	at org.apache.zookeeper.zab.FinalTxnProcessor.processRequest(FinalTxnProcessor.java:50)
	at org.apache.zookeeper.zab.SyncTxnProcessor.flush(SyncTxnProcessor.java:124)
	at org.apache.zookeeper.zab.SyncTxnProcessor.run(SyncTxnProcessor.java:84)
Created server
Severe error in SyncTxnProcessor.
java.lang.NullPointerException
	at mw.zookeeper.MWZooKeeperImpl.lambda$applyTxn$1(MWZooKeeperImpl.java:183)
	at java.base/java.util.Collection.removeIf(Collection.java:544)
	at mw.zookeeper.MWZooKeeperImpl.applyTxn(MWZooKeeperImpl.java:183)
	at mw.zookeeper.MWZooKeeperServer.deliverTxn(MWZooKeeperServer.java:68)
	at org.apache.zookeeper.zab.SingleZab.deliver(SingleZab.java:114)
	at org.apache.zookeeper.zab.FinalTxnProcessor.processRequest(FinalTxnProcessor.java:50)
	at org.apache.zookeeper.zab.SyncTxnProcessor.flush(SyncTxnProcessor.java:124)
	at org.apache.zookeeper.zab.SyncTxnProcessor.run(SyncTxnProcessor.java:84)
Created server
Severe error in SyncTxnProcessor.
java.lang.NullPointerException
	at mw.zookeeper.MWZooKeeperImpl.lambda$applyTxn$1(MWZooKeeperImpl.java:183)
	at java.base/java.util.Collection.removeIf(Collection.java:544)
	at mw.zookeeper.MWZooKeeperImpl.applyTxn(MWZooKeeperImpl.java:183)
	at mw.zookeeper.MWZooKeeperServer.deliverTxn(MWZooKeeperServer.java:68)
	at org.apache.zookeeper.zab.SingleZab.deliver(SingleZab.java:114)
	at org.apache.zookeeper.zab.FinalTxnProcessor.processRequest(FinalTxnProcessor.java:50)
	at org.apache.zookeeper.zab.SyncTxnProcessor.flush(SyncTxnProcessor.java:124)
	at org.apache.zookeeper.zab.SyncTxnProcessor.run(SyncTxnProcessor.java:84)
Created server
Severe error in SyncTxnProcessor.
java.lang.NullPointerException
	at mw.zookeeper.MWZooKeeperImpl.lambda$applyTxn$1(MWZooKeeperImpl.java:182)
	at java.base/java.util.Collection.removeIf(Collection.java:544)
	at mw.zookeeper.MWZooKeeperImpl.applyTxn(MWZooKeeperImpl.java:182)
	at mw.zookeeper.MWZooKeeperServer.deliverTxn(MWZooKeeperServer.java:68)
	at org.apache.zookeeper.zab.SingleZab.deliver(SingleZab.java:114)
	at org.apache.zookeeper.zab.FinalTxnProcessor.processRequest(FinalTxnProcessor.java:50)
	at org.apache.zookeeper.zab.SyncTxnProcessor.flush(SyncTxnProcessor.java:124)
	at org.apache.zookeeper.zab.SyncTxnProcessor.run(SyncTxnProcessor.java:84)
Created server
Severe error in SyncTxnProcessor.
java.lang.NullPointerException
	at mw.zookeeper.MWZooKeeperImpl.lambda$applyTxn$1(MWZooKeeperImpl.java:182)
	at java.base/java.util.Collection.removeIf(Collection.java:544)
	at mw.zookeeper.MWZooKeeperImpl.applyTxn(MWZooKeeperImpl.java:182)
	at mw.zookeeper.MWZooKeeperServer.deliverTxn(MWZooKeeperServer.java:68)
	at org.apache.zookeeper.zab.SingleZab.deliver(SingleZab.java:114)
	at org.apache.zookeeper.zab.FinalTxnProcessor.processRequest(FinalTxnProcessor.java:50)
	at org.apache.zookeeper.zab.SyncTxnProcessor.flush(SyncTxnProcessor.java:124)
	at org.apache.zookeeper.zab.SyncTxnProcessor.run(SyncTxnProcessor.java:84)
Created server
Severe error in SyncTxnProcessor.
java.lang.NullPointerException
	at mw.zookeeper.MWZooKeeperImpl.lambda$applyTxn$1(MWZooKeeperImpl.java:183)
	at java.base/java.util.Collection.removeIf(Collection.java:544)
	at mw.zookeeper.MWZooKeeperImpl.applyTxn(MWZooKeeperImpl.java:183)
	at mw.zookeeper.MWZooKeeperServer.deliverTxn(MWZooKeeperServer.java:68)
	at org.apache.zookeeper.zab.SingleZab.deliver(SingleZab.java:114)
	at org.apache.zookeeper.zab.FinalTxnProcessor.processRequest(FinalTxnProcessor.java:50)
	at org.apache.zookeeper.zab.SyncTxnProcessor.flush(SyncTxnProcessor.java:124)
	at org.apache.zookeeper.zab.SyncTxnProcessor.run(SyncTxnProcessor.java:84)
Created server
Severe error in SyncTxnProcessor.
java.lang.NullPointerException
	at mw.zookeeper.MWZooKeeperImpl.lambda$applyTxn$1(MWZooKeeperImpl.java:184)
	at java.base/java.util.Collection.removeIf(Collection.java:544)
	at mw.zookeeper.MWZooKeeperImpl.applyTxn(MWZooKeeperImpl.java:184)
	at mw.zookeeper.MWZooKeeperServer.deliverTxn(MWZooKeeperServer.java:68)
	at org.apache.zookeeper.zab.SingleZab.deliver(SingleZab.java:114)
	at org.apache.zookeeper.zab.FinalTxnProcessor.processRequest(FinalTxnProcessor.java:50)
	at org.apache.zookeeper.zab.SyncTxnProcessor.flush(SyncTxnProcessor.java:124)
	at org.apache.zookeeper.zab.SyncTxnProcessor.run(SyncTxnProcessor.java:84)
Created server
Severe error in SyncTxnProcessor.
java.lang.NullPointerException
	at mw.zookeeper.MWZooKeeperImpl.lambda$applyTxn$1(MWZooKeeperImpl.java:185)
	at java.base/java.util.Collection.removeIf(Collection.java:544)
	at mw.zookeeper.MWZooKeeperImpl.applyTxn(MWZooKeeperImpl.java:185)
	at mw.zookeeper.MWZooKeeperServer.deliverTxn(MWZooKeeperServer.java:68)
	at org.apache.zookeeper.zab.SingleZab.deliver(SingleZab.java:114)
	at org.apache.zookeeper.zab.FinalTxnProcessor.processRequest(FinalTxnProcessor.java:50)
	at org.apache.zookeeper.zab.SyncTxnProcessor.flush(SyncTxnProcessor.java:124)
	at org.apache.zookeeper.zab.SyncTxnProcessor.run(SyncTxnProcessor.java:84)
Created server
Created server
Created server
Created server
Created server
Created server
Created server
Created server
Created server
Created server
Created server
Created server
Created server
Created server
Created server
Severe error in SyncTxnProcessor.
java.lang.NullPointerException
	at mw.zookeeper.MWZooKeeperImpl.applyTxn(MWZooKeeperImpl.java:134)
	at mw.zookeeper.MWZooKeeperServer.deliverTxn(MWZooKeeperServer.java:75)
	at org.apache.zookeeper.zab.SingleZab.deliver(SingleZab.java:114)
	at org.apache.zookeeper.zab.FinalTxnProcessor.processRequest(FinalTxnProcessor.java:50)
	at org.apache.zookeeper.zab.SyncTxnProcessor.flush(SyncTxnProcessor.java:124)
	at org.apache.zookeeper.zab.SyncTxnProcessor.run(SyncTxnProcessor.java:84)
Created server
Created server
Created server
Created server
Created server
Created server
Created server
Created server
Created server
Created server
